0 info it worked if it ends with ok
1 verbose cli [ '/usr/bin/node', '/usr/bin/npm', 'install' ]
2 info using npm@6.14.11
3 info using node@v12.20.2
4 verbose npm-session 2148111489be8daa
5 silly install runPreinstallTopLevelLifecycles
6 silly preinstall funkthetown@1.0.0
7 info lifecycle funkthetown@1.0.0~preinstall: funkthetown@1.0.0
8 silly install loadCurrentTree
9 silly install readLocalPackageData
10 timing stage:loadCurrentTree Completed in 43ms
11 silly install loadIdealTree
12 silly install cloneCurrentTreeToIdealTree
13 timing stage:loadIdealTree:cloneCurrentTree Completed in 0ms
14 silly install loadShrinkwrap
15 warn read-shrinkwrap This version of npm is compatible with lockfileVersion@1, but package-lock.json was generated for lockfileVersion@2. I'll try to do my best with it!
16 timing stage:loadIdealTree:loadShrinkwrap Completed in 435ms
17 silly install loadAllDepsIntoIdealTree
18 http fetch GET 304 https://registry.npmjs.org/fsevents 142ms (from cache)
19 silly pacote range manifest for fsevents@~2.3.2 fetched in 158ms
20 silly resolveWithNewModule fsevents@2.3.2 checking installable status
21 timing stage:rollbackFailedOptional Completed in 0ms
22 timing stage:runTopLevelLifecycles Completed in 1258ms
23 silly saveTree funkthetown@1.0.0
23 silly saveTree ├── abbrev@1.1.1
23 silly saveTree ├─┬ accepts@1.3.8
23 silly saveTree │ ├─┬ mime-types@2.1.35
23 silly saveTree │ │ └── mime-db@1.52.0
23 silly saveTree │ └── negotiator@0.6.3
23 silly saveTree ├─┬ agent-base@6.0.2
23 silly saveTree │ └─┬ debug@4.3.4
23 silly saveTree │   └── ms@2.1.2
23 silly saveTree ├─┬ ajv@6.12.6
23 silly saveTree │ ├── fast-deep-equal@3.1.3
23 silly saveTree │ ├── fast-json-stable-stringify@2.1.0
23 silly saveTree │ ├── json-schema-traverse@0.4.1
23 silly saveTree │ └─┬ uri-js@4.4.1
23 silly saveTree │   └── punycode@2.1.1
23 silly saveTree ├── ansi-regex@5.0.1
23 silly saveTree ├─┬ ansi-styles@4.3.0
23 silly saveTree │ └─┬ color-convert@2.0.1
23 silly saveTree │   └── color-name@1.1.4
23 silly saveTree ├─┬ anymatch@3.1.3
23 silly saveTree │ ├── normalize-path@3.0.0
23 silly saveTree │ └── picomatch@2.3.1
23 silly saveTree ├─┬ app-client@0.1.0
23 silly saveTree │ ├─┬ connect@3.7.0
23 silly saveTree │ │ ├─┬ debug@2.6.9
23 silly saveTree │ │ │ └── ms@2.0.0
23 silly saveTree │ │ ├─┬ finalhandler@1.1.2
23 silly saveTree │ │ │ ├── encodeurl@1.0.2
23 silly saveTree │ │ │ ├── escape-html@1.0.3
23 silly saveTree │ │ │ ├─┬ on-finished@2.3.0
23 silly saveTree │ │ │ │ └── ee-first@1.1.1
23 silly saveTree │ │ │ ├── parseurl@1.3.3
23 silly saveTree │ │ │ ├── statuses@1.5.0
23 silly saveTree │ │ │ └── unpipe@1.0.0
23 silly saveTree │ │ ├── parseurl@1.3.3
23 silly saveTree │ │ └── utils-merge@1.0.1
23 silly saveTree │ ├── cornerstone@0.1.1
23 silly saveTree │ ├─┬ modulator@0.1.0
23 silly saveTree │ │ └── uglify-js@3.17.4
23 silly saveTree │ └─┬ optimist@0.6.1
23 silly saveTree │   ├── minimist@0.0.10
23 silly saveTree │   └── wordwrap@0.0.3
23 silly saveTree ├─┬ app@0.1.0
23 silly saveTree │ ├── mime@1.6.0
23 silly saveTree │ └─┬ mongoose@6.7.0
23 silly saveTree │   ├─┬ bson@4.7.0
23 silly saveTree │   │ └─┬ buffer@5.7.1
23 silly saveTree │   │   ├── base64-js@1.5.1
23 silly saveTree │   │   └── ieee754@1.2.1
23 silly saveTree │   ├── kareem@2.4.1
23 silly saveTree │   ├─┬ mongodb@4.11.0
23 silly saveTree │   │ ├─┬ @aws-sdk/credential-providers@3.200.0
23 silly saveTree │   │ │ ├─┬ @aws-sdk/client-cognito-identity@3.200.0
23 silly saveTree │   │ │ │ ├─┬ @aws-crypto/sha256-browser@2.0.0
23 silly saveTree │   │ │ │ │ ├─┬ @aws-crypto/ie11-detection@2.0.2
23 silly saveTree │   │ │ │ │ │ └── tslib@1.14.1
23 silly saveTree │   │ │ │ │ ├─┬ @aws-crypto/sha256-js@2.0.0
23 silly saveTree │   │ │ │ │ │ ├─┬ @aws-crypto/util@2.0.2
23 silly saveTree │   │ │ │ │ │ │ ├── @aws-sdk/types@3.200.0
23 silly saveTree │   │ │ │ │ │ │ ├─┬ @aws-sdk/util-utf8-browser@3.188.0
23 silly saveTree │   │ │ │ │ │ │ │ └── tslib@2.4.1
23 silly saveTree │   │ │ │ │ │ │ └── tslib@1.14.1
23 silly saveTree │   │ │ │ │ │ ├── @aws-sdk/types@3.200.0
23 silly saveTree │   │ │ │ │ │ └── tslib@1.14.1
23 silly saveTree │   │ │ │ │ ├─┬ @aws-crypto/supports-web-crypto@2.0.2
23 silly saveTree │   │ │ │ │ │ └── tslib@1.14.1
23 silly saveTree │   │ │ │ │ ├── @aws-crypto/util@2.0.2
23 silly saveTree │   │ │ │ │ ├── @aws-sdk/types@3.200.0
23 silly saveTree │   │ │ │ │ ├── @aws-sdk/util-locate-window@3.188.0
23 silly saveTree │   │ │ │ │ ├── @aws-sdk/util-utf8-browser@3.188.0
23 silly saveTree │   │ │ │ │ └── tslib@1.14.1
23 silly saveTree │   │ │ │ ├── @aws-crypto/sha256-js@2.0.0
23 silly saveTree │   │ │ │ ├─┬ @aws-sdk/client-sts@3.200.0
23 silly saveTree │   │ │ │ │ ├─┬ @aws-sdk/config-resolver@3.200.0
23 silly saveTree │   │ │ │ │ │ ├─┬ @aws-sdk/signature-v4@3.200.0
23 silly saveTree │   │ │ │ │ │ │ ├── @aws-sdk/is-array-buffer@3.188.0
23 silly saveTree │   │ │ │ │ │ │ ├── @aws-sdk/util-hex-encoding@3.188.0
23 silly saveTree │   │ │ │ │ │ │ ├── @aws-sdk/util-middleware@3.200.0
23 silly saveTree │   │ │ │ │ │ │ └── @aws-sdk/util-uri-escape@3.188.0
23 silly saveTree │   │ │ │ │ │ ├── @aws-sdk/util-config-provider@3.188.0
23 silly saveTree │   │ │ │ │ │ └── @aws-sdk/util-middleware@3.200.0
23 silly saveTree │   │ │ │ │ ├─┬ @aws-sdk/credential-provider-node@3.200.0
23 silly saveTree │   │ │ │ │ │ ├─┬ @aws-sdk/credential-provider-env@3.200.0
23 silly saveTree │   │ │ │ │ │ │ └── @aws-sdk/property-provider@3.200.0
23 silly saveTree │   │ │ │ │ │ ├─┬ @aws-sdk/credential-provider-imds@3.200.0
23 silly saveTree │   │ │ │ │ │ │ ├─┬ @aws-sdk/node-config-provider@3.200.0
23 silly saveTree │   │ │ │ │ │ │ │ └── @aws-sdk/shared-ini-file-loader@3.200.0
23 silly saveTree │   │ │ │ │ │ │ └─┬ @aws-sdk/url-parser@3.200.0
23 silly saveTree │   │ │ │ │ │ │   └── @aws-sdk/querystring-parser@3.200.0
23 silly saveTree │   │ │ │ │ │ ├─┬ @aws-sdk/credential-provider-ini@3.200.0
23 silly saveTree │   │ │ │ │ │ │ ├─┬ @aws-sdk/credential-provider-sso@3.200.0
23 silly saveTree │   │ │ │ │ │ │ │ └─┬ @aws-sdk/client-sso@3.200.0
23 silly saveTree │   │ │ │ │ │ │ │   ├─┬ @aws-sdk/fetch-http-handler@3.200.0
23 silly saveTree │   │ │ │ │ │ │ │   │ ├── @aws-sdk/protocol-http@3.200.0
23 silly saveTree │   │ │ │ │ │ │ │   │ ├── @aws-sdk/querystring-builder@3.200.0
23 silly saveTree │   │ │ │ │ │ │ │   │ └── @aws-sdk/util-base64-browser@3.188.0
23 silly saveTree │   │ │ │ │ │ │ │   ├─┬ @aws-sdk/hash-node@3.200.0
23 silly saveTree │   │ │ │ │ │ │ │   │ └── @aws-sdk/util-buffer-from@3.188.0
23 silly saveTree │   │ │ │ │ │ │ │   ├── @aws-sdk/invalid-dependency@3.200.0
23 silly saveTree │   │ │ │ │ │ │ │   ├── @aws-sdk/middleware-content-length@3.200.0
23 silly saveTree │   │ │ │ │ │ │ │   ├─┬ @aws-sdk/middleware-endpoint@3.200.0
23 silly saveTree │   │ │ │ │ │ │ │   │ └── @aws-sdk/middleware-serde@3.200.0
23 silly saveTree │   │ │ │ │ │ │ │   ├── @aws-sdk/middleware-host-header@3.200.0
23 silly saveTree │   │ │ │ │ │ │ │   ├── @aws-sdk/middleware-logger@3.200.0
23 silly saveTree │   │ │ │ │ │ │ │   ├── @aws-sdk/middleware-recursion-detection@3.200.0
23 silly saveTree │   │ │ │ │ │ │ │   ├─┬ @aws-sdk/middleware-retry@3.200.0
23 silly saveTree │   │ │ │ │ │ │ │   │ ├── @aws-sdk/service-error-classification@3.200.0
23 silly saveTree │   │ │ │ │ │ │ │   │ └── uuid@8.3.2
23 silly saveTree │   │ │ │ │ │ │ │   ├── @aws-sdk/middleware-serde@3.200.0
23 silly saveTree │   │ │ │ │ │ │ │   ├── @aws-sdk/middleware-stack@3.200.0
23 silly saveTree │   │ │ │ │ │ │ │   ├── @aws-sdk/middleware-user-agent@3.200.0
23 silly saveTree │   │ │ │ │ │ │ │   ├─┬ @aws-sdk/node-http-handler@3.200.0
23 silly saveTree │   │ │ │ │ │ │ │   │ └── @aws-sdk/abort-controller@3.200.0
23 silly saveTree │   │ │ │ │ │ │ │   ├── @aws-sdk/protocol-http@3.200.0
23 silly saveTree │   │ │ │ │ │ │ │   ├── @aws-sdk/smithy-client@3.200.0
23 silly saveTree │   │ │ │ │ │ │ │   ├── @aws-sdk/util-base64-browser@3.188.0
23 silly saveTree │   │ │ │ │ │ │ │   ├── @aws-sdk/util-base64-node@3.188.0
23 silly saveTree │   │ │ │ │ │ │ │   ├── @aws-sdk/util-body-length-browser@3.188.0
23 silly saveTree │   │ │ │ │ │ │ │   ├── @aws-sdk/util-body-length-node@3.188.0
23 silly saveTree │   │ │ │ │ │ │ │   ├─┬ @aws-sdk/util-defaults-mode-browser@3.200.0
23 silly saveTree │   │ │ │ │ │ │ │   │ └── bowser@2.11.0
23 silly saveTree │   │ │ │ │ │ │ │   ├── @aws-sdk/util-defaults-mode-node@3.200.0
23 silly saveTree │   │ │ │ │ │ │ │   ├── @aws-sdk/util-endpoints@3.200.0
23 silly saveTree │   │ │ │ │ │ │ │   ├── @aws-sdk/util-user-agent-browser@3.200.0
23 silly saveTree │   │ │ │ │ │ │ │   ├── @aws-sdk/util-user-agent-node@3.200.0
23 silly saveTree │   │ │ │ │ │ │ │   └── @aws-sdk/util-utf8-node@3.199.0
23 silly saveTree │   │ │ │ │ │ │ └── @aws-sdk/credential-provider-web-identity@3.200.0
23 silly saveTree │   │ │ │ │ │ ├── @aws-sdk/credential-provider-process@3.200.0
23 silly saveTree │   │ │ │ │ │ ├── @aws-sdk/credential-provider-sso@3.200.0
23 silly saveTree │   │ │ │ │ │ ├── @aws-sdk/credential-provider-web-identity@3.200.0
23 silly saveTree │   │ │ │ │ │ ├── @aws-sdk/property-provider@3.200.0
23 silly saveTree │   │ │ │ │ │ └── @aws-sdk/shared-ini-file-loader@3.200.0
23 silly saveTree │   │ │ │ │ ├── @aws-sdk/fetch-http-handler@3.200.0
23 silly saveTree │   │ │ │ │ ├── @aws-sdk/hash-node@3.200.0
23 silly saveTree │   │ │ │ │ ├── @aws-sdk/invalid-dependency@3.200.0
23 silly saveTree │   │ │ │ │ ├── @aws-sdk/middleware-content-length@3.200.0
23 silly saveTree │   │ │ │ │ ├── @aws-sdk/middleware-endpoint@3.200.0
23 silly saveTree │   │ │ │ │ ├── @aws-sdk/middleware-host-header@3.200.0
23 silly saveTree │   │ │ │ │ ├── @aws-sdk/middleware-logger@3.200.0
23 silly saveTree │   │ │ │ │ ├── @aws-sdk/middleware-recursion-detection@3.200.0
23 silly saveTree │   │ │ │ │ ├── @aws-sdk/middleware-retry@3.200.0
23 silly saveTree │   │ │ │ │ ├─┬ @aws-sdk/middleware-sdk-sts@3.200.0
23 silly saveTree │   │ │ │ │ │ └── @aws-sdk/middleware-signing@3.200.0
23 silly saveTree │   │ │ │ │ ├── @aws-sdk/middleware-serde@3.200.0
23 silly saveTree │   │ │ │ │ ├── @aws-sdk/middleware-signing@3.200.0
23 silly saveTree │   │ │ │ │ ├── @aws-sdk/middleware-stack@3.200.0
23 silly saveTree │   │ │ │ │ ├── @aws-sdk/middleware-user-agent@3.200.0
23 silly saveTree │   │ │ │ │ ├── @aws-sdk/node-config-provider@3.200.0
23 silly saveTree │   │ │ │ │ ├── @aws-sdk/node-http-handler@3.200.0
23 silly saveTree │   │ │ │ │ ├── @aws-sdk/protocol-http@3.200.0
23 silly saveTree │   │ │ │ │ ├── @aws-sdk/smithy-client@3.200.0
23 silly saveTree │   │ │ │ │ ├── @aws-sdk/url-parser@3.200.0
23 silly saveTree │   │ │ │ │ ├── @aws-sdk/util-base64-browser@3.188.0
23 silly saveTree │   │ │ │ │ ├── @aws-sdk/util-base64-node@3.188.0
23 silly saveTree │   │ │ │ │ ├── @aws-sdk/util-body-length-browser@3.188.0
23 silly saveTree │   │ │ │ │ ├── @aws-sdk/util-body-length-node@3.188.0
23 silly saveTree │   │ │ │ │ ├── @aws-sdk/util-defaults-mode-browser@3.200.0
23 silly saveTree │   │ │ │ │ ├── @aws-sdk/util-defaults-mode-node@3.200.0
23 silly saveTree │   │ │ │ │ ├── @aws-sdk/util-endpoints@3.200.0
23 silly saveTree │   │ │ │ │ ├── @aws-sdk/util-user-agent-browser@3.200.0
23 silly saveTree │   │ │ │ │ ├── @aws-sdk/util-user-agent-node@3.200.0
23 silly saveTree │   │ │ │ │ ├── @aws-sdk/util-utf8-node@3.199.0
23 silly saveTree │   │ │ │ │ └─┬ fast-xml-parser@4.0.11
23 silly saveTree │   │ │ │ │   └── strnum@1.0.5
23 silly saveTree │   │ │ │ ├── @aws-sdk/config-resolver@3.200.0
23 silly saveTree │   │ │ │ ├── @aws-sdk/credential-provider-node@3.200.0
23 silly saveTree │   │ │ │ ├── @aws-sdk/fetch-http-handler@3.200.0
23 silly saveTree │   │ │ │ ├── @aws-sdk/hash-node@3.200.0
23 silly saveTree │   │ │ │ ├── @aws-sdk/invalid-dependency@3.200.0
23 silly saveTree │   │ │ │ ├── @aws-sdk/middleware-content-length@3.200.0
23 silly saveTree │   │ │ │ ├── @aws-sdk/middleware-endpoint@3.200.0
23 silly saveTree │   │ │ │ ├── @aws-sdk/middleware-host-header@3.200.0
23 silly saveTree │   │ │ │ ├── @aws-sdk/middleware-logger@3.200.0
23 silly saveTree │   │ │ │ ├── @aws-sdk/middleware-recursion-detection@3.200.0
23 silly saveTree │   │ │ │ ├── @aws-sdk/middleware-retry@3.200.0
23 silly saveTree │   │ │ │ ├── @aws-sdk/middleware-serde@3.200.0
23 silly saveTree │   │ │ │ ├── @aws-sdk/middleware-signing@3.200.0
23 silly saveTree │   │ │ │ ├── @aws-sdk/middleware-stack@3.200.0
23 silly saveTree │   │ │ │ ├── @aws-sdk/middleware-user-agent@3.200.0
23 silly saveTree │   │ │ │ ├── @aws-sdk/node-config-provider@3.200.0
23 silly saveTree │   │ │ │ ├── @aws-sdk/node-http-handler@3.200.0
23 silly saveTree │   │ │ │ ├── @aws-sdk/protocol-http@3.200.0
23 silly saveTree │   │ │ │ ├── @aws-sdk/smithy-client@3.200.0
23 silly saveTree │   │ │ │ ├── @aws-sdk/types@3.200.0
23 silly saveTree │   │ │ │ ├── @aws-sdk/url-parser@3.200.0
23 silly saveTree │   │ │ │ ├── @aws-sdk/util-base64-browser@3.188.0
23 silly saveTree │   │ │ │ ├── @aws-sdk/util-base64-node@3.188.0
23 silly saveTree │   │ │ │ ├── @aws-sdk/util-body-length-browser@3.188.0
23 silly saveTree │   │ │ │ ├── @aws-sdk/util-body-length-node@3.188.0
23 silly saveTree │   │ │ │ ├── @aws-sdk/util-defaults-mode-browser@3.200.0
23 silly saveTree │   │ │ │ ├── @aws-sdk/util-defaults-mode-node@3.200.0
23 silly saveTree │   │ │ │ ├── @aws-sdk/util-endpoints@3.200.0
23 silly saveTree │   │ │ │ ├── @aws-sdk/util-user-agent-browser@3.200.0
23 silly saveTree │   │ │ │ ├── @aws-sdk/util-user-agent-node@3.200.0
23 silly saveTree │   │ │ │ ├── @aws-sdk/util-utf8-browser@3.188.0
23 silly saveTree │   │ │ │ ├── @aws-sdk/util-utf8-node@3.199.0
23 silly saveTree │   │ │ │ └── tslib@2.4.1
23 silly saveTree │   │ │ ├── @aws-sdk/client-sso@3.200.0
23 silly saveTree │   │ │ ├── @aws-sdk/client-sts@3.200.0
23 silly saveTree │   │ │ ├── @aws-sdk/credential-provider-cognito-identity@3.200.0
23 silly saveTree │   │ │ ├── @aws-sdk/credential-provider-env@3.200.0
23 silly saveTree │   │ │ ├── @aws-sdk/credential-provider-imds@3.200.0
23 silly saveTree │   │ │ ├── @aws-sdk/credential-provider-ini@3.200.0
23 silly saveTree │   │ │ ├── @aws-sdk/credential-provider-node@3.200.0
23 silly saveTree │   │ │ ├── @aws-sdk/credential-provider-process@3.200.0
23 silly saveTree │   │ │ ├── @aws-sdk/credential-provider-sso@3.200.0
23 silly saveTree │   │ │ ├── @aws-sdk/credential-provider-web-identity@3.200.0
23 silly saveTree │   │ │ ├── @aws-sdk/property-provider@3.200.0
23 silly saveTree │   │ │ ├── @aws-sdk/shared-ini-file-loader@3.200.0
23 silly saveTree │   │ │ ├── @aws-sdk/types@3.200.0
23 silly saveTree │   │ │ └── tslib@2.4.1
23 silly saveTree │   │ ├── denque@2.1.0
23 silly saveTree │   │ ├─┬ mongodb-connection-string-url@2.5.4
23 silly saveTree │   │ │ ├─┬ @types/whatwg-url@8.2.2
23 silly saveTree │   │ │ │ ├── @types/node@18.11.9
23 silly saveTree │   │ │ │ └── @types/webidl-conversions@7.0.0
23 silly saveTree │   │ │ └─┬ whatwg-url@11.0.0
23 silly saveTree │   │ │   ├── tr46@3.0.0
23 silly saveTree │   │ │   └── webidl-conversions@7.0.0
23 silly saveTree │   │ ├─┬ saslprep@1.0.3
23 silly saveTree │   │ │ └─┬ sparse-bitfield@3.0.3
23 silly saveTree │   │ │   └── memory-pager@1.5.0
23 silly saveTree │   │ └─┬ socks@2.7.1
23 silly saveTree │   │   ├── ip@2.0.0
23 silly saveTree │   │   └── smart-buffer@4.2.0
23 silly saveTree │   ├── mpath@0.9.0
23 silly saveTree │   ├── mquery@4.0.3
23 silly saveTree │   ├── ms@2.1.3
23 silly saveTree │   └── sift@16.0.0
23 silly saveTree ├── aproba@2.0.0
23 silly saveTree ├─┬ are-we-there-yet@2.0.0
23 silly saveTree │ ├── delegates@1.0.0
23 silly saveTree │ └─┬ readable-stream@3.6.0
23 silly saveTree │   ├── inherits@2.0.4
23 silly saveTree │   ├─┬ string_decoder@1.3.0
23 silly saveTree │   │ └── safe-buffer@5.2.1
23 silly saveTree │   └── util-deprecate@1.0.2
23 silly saveTree ├── array-flatten@1.1.1
23 silly saveTree ├─┬ asn1@0.2.6
23 silly saveTree │ └── safer-buffer@2.1.2
23 silly saveTree ├── assert-plus@1.0.0
23 silly saveTree ├── async@3.2.4
23 silly saveTree ├── asynckit@0.4.0
23 silly saveTree ├── aws-sign2@0.7.0
23 silly saveTree ├── aws4@1.11.0
23 silly saveTree ├── balanced-match@1.0.2
23 silly saveTree ├── base64-js@1.5.1
23 silly saveTree ├─┬ bcrypt-pbkdf@1.0.2
23 silly saveTree │ └── tweetnacl@0.14.5
23 silly saveTree ├─┬ bcrypt@5.1.0
23 silly saveTree │ ├─┬ @mapbox/node-pre-gyp@1.0.10
23 silly saveTree │ │ ├── detect-libc@2.0.1
23 silly saveTree │ │ ├── https-proxy-agent@5.0.1
23 silly saveTree │ │ ├─┬ make-dir@3.1.0
23 silly saveTree │ │ │ └── semver@6.3.0
23 silly saveTree │ │ ├─┬ node-fetch@2.6.7
23 silly saveTree │ │ │ └─┬ whatwg-url@5.0.0
23 silly saveTree │ │ │   ├── tr46@0.0.3
23 silly saveTree │ │ │   └── webidl-conversions@3.0.1
23 silly saveTree │ │ ├── nopt@5.0.0
23 silly saveTree │ │ ├─┬ npmlog@5.0.1
23 silly saveTree │ │ │ ├── console-control-strings@1.1.0
23 silly saveTree │ │ │ ├─┬ gauge@3.0.2
23 silly saveTree │ │ │ │ ├── color-support@1.1.3
23 silly saveTree │ │ │ │ ├── has-unicode@2.0.1
23 silly saveTree │ │ │ │ ├── object-assign@4.1.1
23 silly saveTree │ │ │ │ ├── signal-exit@3.0.7
23 silly saveTree │ │ │ │ ├─┬ string-width@4.2.3
23 silly saveTree │ │ │ │ │ ├── emoji-regex@8.0.0
23 silly saveTree │ │ │ │ │ ├── is-fullwidth-code-point@3.0.0
23 silly saveTree │ │ │ │ │ └── strip-ansi@6.0.1
23 silly saveTree │ │ │ │ ├── strip-ansi@6.0.1
23 silly saveTree │ │ │ │ └── wide-align@1.1.5
23 silly saveTree │ │ │ └── set-blocking@2.0.0
23 silly saveTree │ │ ├─┬ rimraf@3.0.2
23 silly saveTree │ │ │ └─┬ glob@7.2.3
23 silly saveTree │ │ │   ├── fs.realpath@1.0.0
23 silly saveTree │ │ │   ├─┬ inflight@1.0.6
23 silly saveTree │ │ │   │ ├─┬ once@1.4.0
23 silly saveTree │ │ │   │ │ └── wrappy@1.0.2
23 silly saveTree │ │ │   │ └── wrappy@1.0.2
23 silly saveTree │ │ │   ├─┬ minimatch@3.1.2
23 silly saveTree │ │ │   │ └─┬ brace-expansion@1.1.11
23 silly saveTree │ │ │   │   └── concat-map@0.0.1
23 silly saveTree │ │ │   ├── once@1.4.0
23 silly saveTree │ │ │   └── path-is-absolute@1.0.1
23 silly saveTree │ │ ├─┬ semver@7.3.8
23 silly saveTree │ │ │ └─┬ lru-cache@6.0.0
23 silly saveTree │ │ │   └── yallist@4.0.0
23 silly saveTree │ │ └─┬ tar@6.1.11
23 silly saveTree │ │   ├── chownr@2.0.0
23 silly saveTree │ │   ├─┬ fs-minipass@2.1.0
23 silly saveTree │ │   │ └── minipass@3.3.4
23 silly saveTree │ │   ├── minipass@3.3.4
23 silly saveTree │ │   ├── minizlib@2.1.2
23 silly saveTree │ │   └── mkdirp@1.0.4
23 silly saveTree │ └── node-addon-api@5.0.0
23 silly saveTree ├── binary-extensions@2.2.0
23 silly saveTree ├─┬ body-parser@1.20.1
23 silly saveTree │ ├── bytes@3.1.2
23 silly saveTree │ ├── content-type@1.0.4
23 silly saveTree │ ├─┬ debug@2.6.9
23 silly saveTree │ │ └── ms@2.0.0
23 silly saveTree │ ├── depd@2.0.0
23 silly saveTree │ ├── destroy@1.2.0
23 silly saveTree │ ├─┬ http-errors@2.0.0
23 silly saveTree │ │ ├── setprototypeof@1.2.0
23 silly saveTree │ │ ├── statuses@2.0.1
23 silly saveTree │ │ └── toidentifier@1.0.1
23 silly saveTree │ ├── iconv-lite@0.4.24
23 silly saveTree │ ├── on-finished@2.4.1
23 silly saveTree │ ├─┬ qs@6.11.0
23 silly saveTree │ │ └─┬ side-channel@1.0.4
23 silly saveTree │ │   ├─┬ call-bind@1.0.2
23 silly saveTree │ │   │ ├── function-bind@1.1.1
23 silly saveTree │ │   │ └─┬ get-intrinsic@1.1.3
23 silly saveTree │ │   │   ├── has-symbols@1.0.3
23 silly saveTree │ │   │   └── has@1.0.3
23 silly saveTree │ │   ├── get-intrinsic@1.1.3
23 silly saveTree │ │   └── object-inspect@1.12.2
23 silly saveTree │ ├── raw-body@2.5.1
23 silly saveTree │ └─┬ type-is@1.6.18
23 silly saveTree │   └── media-typer@0.3.0
23 silly saveTree ├── bowser@2.11.0
23 silly saveTree ├── brace-expansion@1.1.11
23 silly saveTree ├─┬ braces@3.0.2
23 silly saveTree │ └─┬ fill-range@7.0.1
23 silly saveTree │   └─┬ to-regex-range@5.0.1
23 silly saveTree │     └── is-number@7.0.0
23 silly saveTree ├── bson@4.7.0
23 silly saveTree ├── buffer-equal-constant-time@1.0.1
23 silly saveTree ├── buffer@5.7.1
23 silly saveTree ├── bytes@3.1.2
23 silly saveTree ├── call-bind@1.0.2
23 silly saveTree ├── caseless@0.12.0
23 silly saveTree ├─┬ chalk@4.1.2
23 silly saveTree │ └─┬ supports-color@7.2.0
23 silly saveTree │   └── has-flag@4.0.0
23 silly saveTree ├─┬ chokidar@3.5.3
23 silly saveTree │ ├── fsevents@2.3.2
23 silly saveTree │ ├─┬ glob-parent@5.1.2
23 silly saveTree │ │ └─┬ is-glob@4.0.3
23 silly saveTree │ │   └── is-extglob@2.1.1
23 silly saveTree │ ├── is-binary-path@2.1.0
23 silly saveTree │ ├── is-glob@4.0.3
23 silly saveTree │ └── readdirp@3.6.0
23 silly saveTree ├── chownr@2.0.0
23 silly saveTree ├── color-convert@2.0.1
23 silly saveTree ├── color-name@1.1.4
23 silly saveTree ├── color-support@1.1.3
23 silly saveTree ├─┬ combined-stream@1.0.8
23 silly saveTree │ └── delayed-stream@1.0.0
23 silly saveTree ├── concat-map@0.0.1
23 silly saveTree ├── connect@3.7.0
23 silly saveTree ├── console-control-strings@1.1.0
23 silly saveTree ├── content-disposition@0.5.4
23 silly saveTree ├── content-type@1.0.4
23 silly saveTree ├── cookie-signature@1.0.6
23 silly saveTree ├── cookie@0.5.0
23 silly saveTree ├── core-util-is@1.0.2
23 silly saveTree ├── cornerstone@0.1.1
23 silly saveTree ├─┬ cors@2.8.5
23 silly saveTree │ └── vary@1.1.2
23 silly saveTree ├── dashdash@1.14.1
23 silly saveTree ├── debug@4.3.4
23 silly saveTree ├── delayed-stream@1.0.0
23 silly saveTree ├── delegates@1.0.0
23 silly saveTree ├── denque@2.1.0
23 silly saveTree ├── depd@2.0.0
23 silly saveTree ├── destroy@1.2.0
23 silly saveTree ├── detect-libc@2.0.1
23 silly saveTree ├── dotenv@16.0.3
23 silly saveTree ├─┬ ecc-jsbn@0.1.2
23 silly saveTree │ └── jsbn@0.1.1
23 silly saveTree ├── ecdsa-sig-formatter@1.0.11
23 silly saveTree ├── ee-first@1.1.1
23 silly saveTree ├─┬ ejs@3.1.8
23 silly saveTree │ └─┬ jake@10.8.5
23 silly saveTree │   └─┬ filelist@1.0.4
23 silly saveTree │     └─┬ minimatch@5.1.1
23 silly saveTree │       └── brace-expansion@2.0.1
23 silly saveTree ├── emoji-regex@8.0.0
23 silly saveTree ├── encodeurl@1.0.2
23 silly saveTree ├── escape-html@1.0.3
23 silly saveTree ├── etag@1.8.1
23 silly saveTree ├─┬ express@4.18.2
23 silly saveTree │ ├─┬ debug@2.6.9
23 silly saveTree │ │ └── ms@2.0.0
23 silly saveTree │ ├─┬ finalhandler@1.2.0
23 silly saveTree │ │ └─┬ debug@2.6.9
23 silly saveTree │ │   └── ms@2.0.0
23 silly saveTree │ ├── fresh@0.5.2
23 silly saveTree │ ├── merge-descriptors@1.0.1
23 silly saveTree │ ├── methods@1.1.2
23 silly saveTree │ ├── path-to-regexp@0.1.7
23 silly saveTree │ ├─┬ proxy-addr@2.0.7
23 silly saveTree │ │ ├── forwarded@0.2.0
23 silly saveTree │ │ └── ipaddr.js@1.9.1
23 silly saveTree │ ├── range-parser@1.2.1
23 silly saveTree │ ├─┬ send@0.18.0
23 silly saveTree │ │ └─┬ debug@2.6.9
23 silly saveTree │ │   └── ms@2.0.0
23 silly saveTree │ └── serve-static@1.15.0
23 silly saveTree ├── extend@3.0.2
23 silly saveTree ├── extsprintf@1.3.0
23 silly saveTree ├── fast-deep-equal@3.1.3
23 silly saveTree ├── fast-json-stable-stringify@2.1.0
23 silly saveTree ├── fast-xml-parser@4.0.11
23 silly saveTree ├── filelist@1.0.4
23 silly saveTree ├── fill-range@7.0.1
23 silly saveTree ├── finalhandler@1.2.0
23 silly saveTree ├── forever-agent@0.6.1
23 silly saveTree ├── form-data@2.3.3
23 silly saveTree ├── forwarded@0.2.0
23 silly saveTree ├── fresh@0.5.2
23 silly saveTree ├── fs-minipass@2.1.0
23 silly saveTree ├── fs.realpath@1.0.0
23 silly saveTree ├── fs@0.0.1-security
23 silly saveTree ├── function-bind@1.1.1
23 silly saveTree ├── gauge@3.0.2
23 silly saveTree ├── get-intrinsic@1.1.3
23 silly saveTree ├── getpass@0.1.7
23 silly saveTree ├── glob-parent@5.1.2
23 silly saveTree ├── glob@7.2.3
23 silly saveTree ├── har-schema@2.0.0
23 silly saveTree ├── har-validator@5.1.5
23 silly saveTree ├── has-flag@4.0.0
23 silly saveTree ├── has-symbols@1.0.3
23 silly saveTree ├── has-unicode@2.0.1
23 silly saveTree ├── has@1.0.3
23 silly saveTree ├── http-errors@2.0.0
23 silly saveTree ├─┬ http-signature@1.2.0
23 silly saveTree │ ├─┬ jsprim@1.4.2
23 silly saveTree │ │ ├── json-schema@0.4.0
23 silly saveTree │ │ └── verror@1.10.0
23 silly saveTree │ └── sshpk@1.17.0
23 silly saveTree ├── http@0.0.1-security
23 silly saveTree ├── https-proxy-agent@5.0.1
23 silly saveTree ├── https@1.0.0
23 silly saveTree ├── iconv-lite@0.4.24
23 silly saveTree ├── ieee754@1.2.1
23 silly saveTree ├── ignore-by-default@1.0.1
23 silly saveTree ├── inflight@1.0.6
23 silly saveTree ├── inherits@2.0.4
23 silly saveTree ├── ip@2.0.0
23 silly saveTree ├── ipaddr.js@1.9.1
23 silly saveTree ├── is-binary-path@2.1.0
23 silly saveTree ├── is-extglob@2.1.1
23 silly saveTree ├── is-fullwidth-code-point@3.0.0
23 silly saveTree ├── is-glob@4.0.3
23 silly saveTree ├── is-number@7.0.0
23 silly saveTree ├── is-typedarray@1.0.0
23 silly saveTree ├── isstream@0.1.2
23 silly saveTree ├── jake@10.8.5
23 silly saveTree ├── jquery@3.6.1
23 silly saveTree ├── jsbn@0.1.1
23 silly saveTree ├── json-schema-traverse@0.4.1
23 silly saveTree ├── json-schema@0.4.0
23 silly saveTree ├── json-stringify-safe@5.0.1
23 silly saveTree ├─┬ jsonwebtoken@8.5.1
23 silly saveTree │ ├─┬ jws@3.2.2
23 silly saveTree │ │ └── jwa@1.4.1
23 silly saveTree │ ├── lodash.includes@4.3.0
23 silly saveTree │ ├── lodash.isboolean@3.0.3
23 silly saveTree │ ├── lodash.isinteger@4.0.4
23 silly saveTree │ ├── lodash.isnumber@3.0.3
23 silly saveTree │ ├── lodash.isplainobject@4.0.6
23 silly saveTree │ ├── lodash.isstring@4.0.1
23 silly saveTree │ ├── lodash.once@4.1.1
23 silly saveTree │ └── semver@5.7.1
23 silly saveTree ├── jsprim@1.4.2
23 silly saveTree ├── jwa@1.4.1
23 silly saveTree ├── jws@3.2.2
23 silly saveTree ├── kareem@2.4.1
23 silly saveTree ├── lodash.foreach@4.5.0
23 silly saveTree ├── lodash.get@4.4.2
23 silly saveTree ├── lodash.includes@4.3.0
23 silly saveTree ├── lodash.isboolean@3.0.3
23 silly saveTree ├── lodash.isinteger@4.0.4
23 silly saveTree ├── lodash.isnumber@3.0.3
23 silly saveTree ├── lodash.isplainobject@4.0.6
23 silly saveTree ├── lodash.isstring@4.0.1
23 silly saveTree ├── lodash.merge@4.6.2
23 silly saveTree ├── lodash.once@4.1.1
23 silly saveTree ├── lodash@4.17.21
23 silly saveTree ├── lru-cache@6.0.0
23 silly saveTree ├── make-dir@3.1.0
23 silly saveTree ├── media-typer@0.3.0
23 silly saveTree ├── memory-pager@1.5.0
23 silly saveTree ├── merge-descriptors@1.0.1
23 silly saveTree ├── methods@1.1.2
23 silly saveTree ├── mime-db@1.52.0
23 silly saveTree ├── mime-types@2.1.35
23 silly saveTree ├── mime@1.6.0
23 silly saveTree ├── minimatch@3.1.2
23 silly saveTree ├── minimist@0.0.10
23 silly saveTree ├── minipass@3.3.4
23 silly saveTree ├── minizlib@2.1.2
23 silly saveTree ├── mkdirp@1.0.4
23 silly saveTree ├── modulator@0.1.0
23 silly saveTree ├── mongodb-connection-string-url@2.5.4
23 silly saveTree ├── mongodb@4.11.0
23 silly saveTree ├── mongoose-unique-validator@3.1.0
23 silly saveTree ├── mongoose@6.7.0
23 silly saveTree ├── mpath@0.9.0
23 silly saveTree ├── mquery@4.0.3
23 silly saveTree ├── ms@2.1.3
23 silly saveTree ├── negotiator@0.6.3
23 silly saveTree ├── node-addon-api@5.0.0
23 silly saveTree ├── node-fetch@2.6.7
23 silly saveTree ├─┬ nodemon@2.0.20
23 silly saveTree │ ├── debug@3.2.7
23 silly saveTree │ ├── pstree.remy@1.1.8
23 silly saveTree │ ├─┬ simple-update-notifier@1.1.0
23 silly saveTree │ │ └── semver@7.0.0
23 silly saveTree │ ├─┬ supports-color@5.5.0
23 silly saveTree │ │ └── has-flag@3.0.0
23 silly saveTree │ ├─┬ touch@3.1.0
23 silly saveTree │ │ └── nopt@1.0.10
23 silly saveTree │ └── undefsafe@2.0.5
23 silly saveTree ├── nopt@5.0.0
23 silly saveTree ├── normalize-path@3.0.0
23 silly saveTree ├── npmlog@5.0.1
23 silly saveTree ├── oauth-sign@0.9.0
23 silly saveTree ├── object-assign@4.1.1
23 silly saveTree ├── object-inspect@1.12.2
23 silly saveTree ├── on-finished@2.4.1
23 silly saveTree ├── once@1.4.0
23 silly saveTree ├── optimist@0.6.1
23 silly saveTree ├── parseurl@1.3.3
23 silly saveTree ├── path-is-absolute@1.0.1
23 silly saveTree ├── path-to-regexp@0.1.7
23 silly saveTree ├── performance-now@2.1.0
23 silly saveTree ├── picomatch@2.3.1
23 silly saveTree ├── proxy-addr@2.0.7
23 silly saveTree ├── psl@1.9.0
23 silly saveTree ├── pstree.remy@1.1.8
23 silly saveTree ├── punycode@2.1.1
23 silly saveTree ├── qs@6.11.0
23 silly saveTree ├── range-parser@1.2.1
23 silly saveTree ├── raw-body@2.5.1
23 silly saveTree ├── readable-stream@3.6.0
23 silly saveTree ├── readdirp@3.6.0
23 silly saveTree ├─┬ request@2.88.2
23 silly saveTree │ ├── qs@6.5.3
23 silly saveTree │ ├── tough-cookie@2.5.0
23 silly saveTree │ ├── tunnel-agent@0.6.0
23 silly saveTree │ └── uuid@3.4.0
23 silly saveTree ├── requirejs@2.3.6
23 silly saveTree ├── rimraf@3.0.2
23 silly saveTree ├── safe-buffer@5.2.1
23 silly saveTree ├── safer-buffer@2.1.2
23 silly saveTree ├── saslprep@1.0.3
23 silly saveTree ├── semver@5.7.1
23 silly saveTree ├── send@0.18.0
23 silly saveTree ├── serve-static@1.15.0
23 silly saveTree ├── set-blocking@2.0.0
23 silly saveTree ├── setprototypeof@1.2.0
23 silly saveTree ├── side-channel@1.0.4
23 silly saveTree ├── sift@16.0.0
23 silly saveTree ├── signal-exit@3.0.7
23 silly saveTree ├── simple-update-notifier@1.1.0
23 silly saveTree ├── smart-buffer@4.2.0
23 silly saveTree ├── socks@2.7.1
23 silly saveTree ├── sparse-bitfield@3.0.3
23 silly saveTree ├── sshpk@1.17.0
23 silly saveTree ├── statuses@2.0.1
23 silly saveTree ├── string_decoder@1.3.0
23 silly saveTree ├── string-width@4.2.3
23 silly saveTree ├── strip-ansi@6.0.1
23 silly saveTree ├── strnum@1.0.5
23 silly saveTree ├── supports-color@7.2.0
23 silly saveTree ├── tar@6.1.11
23 silly saveTree ├── to-regex-range@5.0.1
23 silly saveTree ├── toidentifier@1.0.1
23 silly saveTree ├── touch@3.1.0
23 silly saveTree ├── tough-cookie@2.5.0
23 silly saveTree ├── tr46@3.0.0
23 silly saveTree ├── tslib@2.4.1
23 silly saveTree ├── tunnel-agent@0.6.0
23 silly saveTree ├── tweetnacl@0.14.5
23 silly saveTree ├── type-is@1.6.18
23 silly saveTree ├── uglify-js@3.17.4
23 silly saveTree ├── undefsafe@2.0.5
23 silly saveTree ├── unpipe@1.0.0
23 silly saveTree ├── uri-js@4.4.1
23 silly saveTree ├── util-deprecate@1.0.2
23 silly saveTree ├── utils-merge@1.0.1
23 silly saveTree ├── uuid@8.3.2
23 silly saveTree ├── vary@1.1.2
23 silly saveTree ├── verror@1.10.0
23 silly saveTree ├── webidl-conversions@7.0.0
23 silly saveTree ├── whatwg-url@11.0.0
23 silly saveTree ├── wide-align@1.1.5
23 silly saveTree ├── wordwrap@0.0.3
23 silly saveTree ├── wrappy@1.0.2
23 silly saveTree └── yallist@4.0.0
24 verbose stack Error: Unsupported platform for fsevents@2.3.2: wanted {"name":"fsevents","version":"2.3.2","engines":{"node":"^8.16.0 || ^10.6.0 || >=11.0.0"},"os":["darwin"],"dependencies":{},"optionalDependencies":{},"peerDependenciesMeta":{},"devDependencies":{"node-gyp":"^6.1.0"},"bundleDependencies":false,"peerDependencies":{},"deprecated":false,"_resolved":"https://registry.npmjs.org/fsevents/-/fsevents-2.3.2.tgz","_integrity":"sha512-xiqMQR4xAeHTuB9uWm+fFRcIOgKBMiOBP+eXiyT7jsgVCq1bkVygt00oASowB7EdtpOHaaPgKt812P9ab+DDKA==","_shasum":"8a526f78b8fdf4623b709e0b975c52c24c02fd1a","_shrinkwrap":null,"_id":"fsevents@2.3.2","_from":"fsevents@~2.3.2","_requested":{"type":"range","registry":true,"raw":"fsevents@~2.3.2","name":"fsevents","escapedName":"fsevents","rawSpec":"~2.3.2","saveSpec":null,"fetchSpec":"~2.3.2"},"_spec":"fsevents@~2.3.2","_where":"/root/Funkthetown/Frontend/node_modules/chokidar"} (current: {"os":"linux","cpu":"x64"})
24 verbose stack     at checkPlatform (/usr/lib/node_modules/npm/node_modules/npm-install-checks/index.js:46:14)
24 verbose stack     at thenWarnEngineIssues (/usr/lib/node_modules/npm/lib/install/validate-args.js:63:5)
24 verbose stack     at /usr/lib/node_modules/npm/node_modules/iferr/iferr.js:3:64
24 verbose stack     at checkEngine (/usr/lib/node_modules/npm/node_modules/npm-install-checks/index.js:25:10)
24 verbose stack     at module.exports.isInstallable (/usr/lib/node_modules/npm/lib/install/validate-args.js:60:3)
24 verbose stack     at resolveWithNewModule (/usr/lib/node_modules/npm/lib/install/deps.js:677:10)
24 verbose stack     at /usr/lib/node_modules/npm/lib/install/deps.js:600:7
24 verbose stack     at /usr/lib/node_modules/npm/node_modules/iferr/iferr.js:3:64
24 verbose stack     at /usr/lib/node_modules/npm/node_modules/call-limit/call-limit.js:28:43
24 verbose stack     at processTicksAndRejections (internal/process/task_queues.js:79:11)
25 verbose pkgid fsevents@2.3.2
26 verbose cwd /root/Funkthetown/Frontend
27 verbose Linux 5.4.0-52-generic
28 verbose argv "/usr/bin/node" "/usr/bin/npm" "install"
29 verbose node v12.20.2
30 verbose npm  v6.14.11
31 error code EBADPLATFORM
32 error notsup Unsupported platform for fsevents@2.3.2: wanted {"os":"darwin","arch":"any"} (current: {"os":"linux","arch":"x64"})
33 error notsup Valid OS:    darwin
33 error notsup Valid Arch:  any
33 error notsup Actual OS:   linux
33 error notsup Actual Arch: x64
34 verbose exit [ 1, true ]
